<?xml version="1.0" encoding="utf-8"?><testsuites name="pytest tests"><testsuite name="pytest" errors="0" failures="2" skipped="0" tests="19" time="9.916" timestamp="2026-08-06T19:47:17.873735+00:00" hostname="agent-env-c5c26e94-0327-45d2-83d9-8fb373a9703b"><testcase classname="tests.test_new_features.TestPasswordReset" name="test_forgot_password_existing_user_returns_demo_link" time="3.308" /><testcase classname="tests.test_new_features.TestPasswordReset" name="test_forgot_password_unknown_email_no_link" time="0.111" /><testcase classname="tests.test_new_features.TestPasswordReset" name="test_forgot_password_case_insensitive" time="0.133" /><testcase classname="tests.test_new_features.TestPasswordReset" name="test_reset_password_invalid_token" time="0.107" /><testcase classname="tests.test_new_features.TestPasswordReset" name="test_reset_password_short_password_rejected" time="0.110" /><testcase classname="tests.test_new_features.TestPasswordReset" name="test_reset_flow_changes_password_and_token_single_use" time="1.664"><failure message="AssertionError: assert 'test_reset_d...3@example.com' == 'TEST_reset_d...3@example.com'&#10;  &#10;  - TEST_reset_d01223@example.com&#10;  ? ^^^^&#10;  + test_reset_d01223@example.com&#10;  ? ^^^^">E   AssertionError: assert 'test_reset_d...3@example.com' == 'TEST_reset_d...3@example.com'
      
      - TEST_reset_d01223@example.com
      ? ^^^^
      + test_reset_d01223@example.com
      ? ^^^^</failure></testcase><testcase classname="tests.test_new_features.TestSystemStatus" name="test_status_public_no_auth" time="0.112" /><testcase classname="tests.test_new_features.TestOperationsSettings" name="test_ops_requires_auth" time="0.264" /><testcase classname="tests.test_new_features.TestOperationsSettings" name="test_ops_forbidden_for_store" time="0.802" /><testcase classname="tests.test_new_features.TestOperationsSettings" name="test_ops_put_persists_and_merges" time="0.364" /><testcase classname="tests.test_new_features.TestOperationsSettings" name="test_ops_invalid_time_rejected" time="0.133" /><testcase classname="tests.test_new_features.TestOperationsSettings" name="test_ops_out_of_range_time_rejected" time="0.072"><failure message="AssertionError: '99:99' accepted (status 200) — invalid clock time&#10;assert 200 == 400&#10; +  where 200 = &lt;Response [200]&gt;.status_code">E   AssertionError: '99:99' accepted (status 200) — invalid clock time
    assert 200 == 400
     +  where 200 = &lt;Response [200]&gt;.status_code</failure></testcase><testcase classname="tests.test_new_features.TestOperationsSettings" name="test_ops_invalid_weekday_and_holiday_sanitized" time="0.148" /><testcase classname="tests.test_new_features.TestClosedBlocksDelivery" name="test_disabled_platform_blocks_delivery" time="0.448" /><testcase classname="tests.test_new_features.TestClosedBlocksDelivery" name="test_closed_by_time_window_blocks_delivery" time="0.311" /><testcase classname="tests.test_new_features.TestClosedBlocksDelivery" name="test_holiday_today_blocks_delivery" time="0.318" /><testcase classname="tests.test_new_features.TestRegressionSmoke" name="test_admin_login_and_stats" time="0.071" /><testcase classname="tests.test_new_features.TestRegressionSmoke" name="test_pricing_quote_still_works" time="0.107" /><testcase classname="tests.test_new_features.TestRegressionSmoke" name="test_courier_flow_smoke" time="1.244" /></testsuite></testsuites>