<?xml version="1.0" encoding="utf-8"?><testsuites name="pytest tests"><testsuite name="pytest" errors="0" failures="1" skipped="0" tests="48" time="13.437" timestamp="2026-08-06T19:31:06.665112+00:00" hostname="agent-env-c5c26e94-0327-45d2-83d9-8fb373a9703b"><testcase classname="tests.backend_test.TestHealth" name="test_root_api" time="0.187" /><testcase classname="tests.backend_test.TestAuth" name="test_admin_login_and_cookies" time="0.535" /><testcase classname="tests.backend_test.TestAuth" name="test_admin_bcrypt_hash_format" time="0.669" /><testcase classname="tests.backend_test.TestAuth" name="test_login_invalid_password" time="0.365" /><testcase classname="tests.backend_test.TestAuth" name="test_brute_force_lockout" time="2.435"><failure message="AssertionError: no lockout after 6 failures: [401, 401, 401, 401, 401, 401]&#10;assert False&#10; +  where False = any(&lt;generator object TestAuth.test_brute_force_lockout.&lt;locals&gt;.&lt;genexpr&gt; at 0xfbd535118e10&gt;)">E   AssertionError: no lockout after 6 failures: [401, 401, 401, 401, 401, 401]
    assert False
     +  where False = any(&lt;generator object TestAuth.test_brute_force_lockout.&lt;locals&gt;.&lt;genexpr&gt; at 0xfbd535118e10&gt;)</failure></testcase><testcase classname="tests.backend_test.TestAuth" name="test_register_store_active" time="0.358" /><testcase classname="tests.backend_test.TestAuth" name="test_register_courier_pending" time="0.325" /><testcase classname="tests.backend_test.TestAuth" name="test_register_duplicate_email" time="0.124" /><testcase classname="tests.backend_test.TestAuth" name="test_register_invalid_role" time="0.143" /><testcase classname="tests.backend_test.TestAuth" name="test_me_unauthenticated" time="0.112" /><testcase classname="tests.backend_test.TestAuth" name="test_me_store" time="0.121" /><testcase classname="tests.backend_test.TestPricing" name="test_quote_by_km[0.5-3.99-12]" time="0.135" /><testcase classname="tests.backend_test.TestPricing" name="test_quote_by_km[1.0-3.99-14]" time="0.122" /><testcase classname="tests.backend_test.TestPricing" name="test_quote_by_km[2.0-4.99-17]" time="0.130" /><testcase classname="tests.backend_test.TestPricing" name="test_quote_by_km[3.0-5.99-19]" time="0.108" /><testcase classname="tests.backend_test.TestPricing" name="test_quote_by_km[7.5-12.99-29]" time="0.105" /><testcase classname="tests.backend_test.TestPricing" name="test_quote_by_km[10.0-17.99-33]" time="0.137" /><testcase classname="tests.backend_test.TestPricing" name="test_quote_by_km[15.0-24.99-41]" time="0.139" /><testcase classname="tests.backend_test.TestPricing" name="test_quote_by_km[30.0-24.99-41]" time="0.177" /><testcase classname="tests.backend_test.TestPricing" name="test_quote_missing_data" time="0.122" /><testcase classname="tests.backend_test.TestPricing" name="test_quote_geocoding" time="0.271" /><testcase classname="tests.backend_test.TestPricing" name="test_pricing_table" time="0.098" /><testcase classname="tests.backend_test.TestDeliveries" name="test_store_creates_delivery" time="0.074" /><testcase classname="tests.backend_test.TestDeliveries" name="test_courier_cannot_create_delivery" time="0.117" /><testcase classname="tests.backend_test.TestDeliveries" name="test_store_sees_only_own" time="0.598" /><testcase classname="tests.backend_test.TestDeliveries" name="test_pending_courier_cannot_go_online" time="0.070" /><testcase classname="tests.backend_test.TestDeliveries" name="test_pending_courier_cannot_accept" time="0.064" /><testcase classname="tests.backend_test.TestDeliveries" name="test_admin_approves_courier" time="0.484" /><testcase classname="tests.backend_test.TestDeliveries" name="test_courier_online_and_accept" time="0.129" /><testcase classname="tests.backend_test.TestDeliveries" name="test_available_filter_excludes_accepted" time="0.067" /><testcase classname="tests.backend_test.TestDeliveries" name="test_batch_limit_three_per_store" time="0.431" /><testcase classname="tests.backend_test.TestDeliveries" name="test_start_and_complete" time="0.142" /><testcase classname="tests.backend_test.TestDeliveries" name="test_delivery_invalid_id" time="0.073" /><testcase classname="tests.backend_test.TestStatements" name="test_store_statement_created" time="0.074" /><testcase classname="tests.backend_test.TestStatements" name="test_courier_cannot_list_statements" time="0.072" /><testcase classname="tests.backend_test.TestStatements" name="test_upload_proof" time="0.491" /><testcase classname="tests.backend_test.TestStatements" name="test_file_rbac" time="0.561" /><testcase classname="tests.backend_test.TestStatements" name="test_store_cannot_approve_statement" time="0.071" /><testcase classname="tests.backend_test.TestStatements" name="test_admin_approves_statement" time="0.144" /><testcase classname="tests.backend_test.TestChat" name="test_chat_flow" time="0.712" /><testcase classname="tests.backend_test.TestChat" name="test_chat_rbac" time="0.144" /><testcase classname="tests.backend_test.TestTickets" name="test_create_and_list" time="0.304" /><testcase classname="tests.backend_test.TestTickets" name="test_ticket_message_rbac" time="0.071" /><testcase classname="tests.backend_test.TestTickets" name="test_resolve_ticket" time="0.214" /><testcase classname="tests.backend_test.TestAdmin" name="test_stats" time="0.079" /><testcase classname="tests.backend_test.TestAdmin" name="test_bank_settings" time="0.137" /><testcase classname="tests.backend_test.TestAdmin" name="test_non_admin_denied" time="0.221" /><testcase classname="tests.backend_test.TestAdmin" name="test_block_user_prevents_login" time="0.861" /></testsuite></testsuites>